This is pdfTeX, Version 3.14159265-2.6-1.40.20 (TeX Live 2019/W32TeX) (preloaded format=pdflatex 2020.3.19)  14 APR 2020 18:10
entering extended mode
 restricted \write18 enabled.
 %&-line parsing enabled.
**manuscript.tex
(./manuscript.tex
LaTeX2e <2020-02-02> patch level 5
L3 programming layer <2020-02-25> (c:/Users/Dienlin/AppData/Roaming/TinyTeX/tex
mf-dist/tex/latex/apa6/apa6.cls
Document Class: apa6 2018/09/01 v2.33 APA formatting (6th edition)

(c:/Users/Dienlin/AppData/Roaming/TinyTeX/texmf-dist/tex/latex/base/article.cls
Document Class: article 2019/12/20 v1.4l Standard LaTeX document class
(c:/Users/Dienlin/AppData/Roaming/TinyTeX/texmf-dist/tex/latex/base/size12.clo
File: size12.clo 2019/12/20 v1.4l Standard LaTeX file (size option)
)
\c@part=\count167
\c@section=\count168
\c@subsection=\count169
\c@subsubsection=\count170
\c@paragraph=\count171
\c@subparagraph=\count172
\c@figure=\count173
\c@table=\count174
\abovecaptionskip=\skip47
\belowcaptionskip=\skip48
\bibindent=\dimen134
)
(c:/Users/Dienlin/AppData/Roaming/TinyTeX/texmf-dist/tex/latex/etoolbox/etoolbo
x.sty
Package: etoolbox 2019/09/21 v2.5h e-TeX tools for LaTeX (JAW)
\etb@tempcnta=\count175
)
Class apa6 Info: No bibliography package was specified; defaulting to (but not 
loading) Biblatex on input line 213.
(c:/Users/Dienlin/AppData/Roaming/TinyTeX/texmf-dist/tex/latex/lm/lmodern.sty
Package: lmodern 2009/10/30 v1.6 Latin Modern Fonts
LaTeX Font Info:    Overwriting symbol font `operators' in version `normal'
(Font)                  OT1/cmr/m/n --> OT1/lmr/m/n on input line 22.
LaTeX Font Info:    Overwriting symbol font `letters' in version `normal'
(Font)                  OML/cmm/m/it --> OML/lmm/m/it on input line 23.
LaTeX Font Info:    Overwriting symbol font `symbols' in version `normal'
(Font)                  OMS/cmsy/m/n --> OMS/lmsy/m/n on input line 24.
LaTeX Font Info:    Overwriting symbol font `largesymbols' in version `normal'
(Font)                  OMX/cmex/m/n --> OMX/lmex/m/n on input line 25.
LaTeX Font Info:    Overwriting symbol font `operators' in version `bold'
(Font)                  OT1/cmr/bx/n --> OT1/lmr/bx/n on input line 26.
LaTeX Font Info:    Overwriting symbol font `letters' in version `bold'
(Font)                  OML/cmm/b/it --> OML/lmm/b/it on input line 27.
LaTeX Font Info:    Overwriting symbol font `symbols' in version `bold'
(Font)                  OMS/cmsy/b/n --> OMS/lmsy/b/n on input line 28.
LaTeX Font Info:    Overwriting symbol font `largesymbols' in version `bold'
(Font)                  OMX/cmex/m/n --> OMX/lmex/m/n on input line 29.
LaTeX Font Info:    Overwriting math alphabet `\mathbf' in version `normal'
(Font)                  OT1/cmr/bx/n --> OT1/lmr/bx/n on input line 31.
LaTeX Font Info:    Overwriting math alphabet `\mathsf' in version `normal'
(Font)                  OT1/cmss/m/n --> OT1/lmss/m/n on input line 32.
LaTeX Font Info:    Overwriting math alphabet `\mathit' in version `normal'
(Font)                  OT1/cmr/m/it --> OT1/lmr/m/it on input line 33.
LaTeX Font Info:    Overwriting math alphabet `\mathtt' in version `normal'
(Font)                  OT1/cmtt/m/n --> OT1/lmtt/m/n on input line 34.
LaTeX Font Info:    Overwriting math alphabet `\mathbf' in version `bold'
(Font)                  OT1/cmr/bx/n --> OT1/lmr/bx/n on input line 35.
LaTeX Font Info:    Overwriting math alphabet `\mathsf' in version `bold'
(Font)                  OT1/cmss/bx/n --> OT1/lmss/bx/n on input line 36.
LaTeX Font Info:    Overwriting math alphabet `\mathit' in version `bold'
(Font)                  OT1/cmr/bx/it --> OT1/lmr/bx/it on input line 37.
LaTeX Font Info:    Overwriting math alphabet `\mathtt' in version `bold'
(Font)                  OT1/cmtt/m/n --> OT1/lmtt/m/n on input line 38.
)
(c:/Users/Dienlin/AppData/Roaming/TinyTeX/texmf-dist/tex/latex/base/fontenc.sty
Package: fontenc 2020/02/11 v2.0o Standard LaTeX package
LaTeX Font Info:    Trying to load font information for T1+lmr on input line 11
2.
(c:/Users/Dienlin/AppData/Roaming/TinyTeX/texmf-dist/tex/latex/lm/t1lmr.fd
File: t1lmr.fd 2009/10/30 v1.6 Font defs for Latin Modern
))
(c:/Users/Dienlin/AppData/Roaming/TinyTeX/texmf-dist/tex/latex/geometry/geometr
y.sty
Package: geometry 2020/01/02 v5.9 Page Geometry

(c:/Users/Dienlin/AppData/Roaming/TinyTeX/texmf-dist/tex/latex/graphics/keyval.
sty
Package: keyval 2014/10/28 v1.15 key=value parser (DPC)
\KV@toks@=\toks15
)
(c:/Users/Dienlin/AppData/Roaming/TinyTeX/texmf-dist/tex/generic/iftex/ifvtex.s
ty
Package: ifvtex 2019/10/25 v1.7 ifvtex legacy package. Use iftex instead.

(c:/Users/Dienlin/AppData/Roaming/TinyTeX/texmf-dist/tex/generic/iftex/iftex.st
y
Package: iftex 2019/11/07 v1.0c TeX engine tests
))
\Gm@cnth=\count176
\Gm@cntv=\count177
\c@Gm@tempcnt=\count178
\Gm@bindingoffset=\dimen135
\Gm@wd@mp=\dimen136
\Gm@odd@mp=\dimen137
\Gm@even@mp=\dimen138
\Gm@layoutwidth=\dimen139
\Gm@layoutheight=\dimen140
\Gm@layouthoffset=\dimen141
\Gm@layoutvoffset=\dimen142
\Gm@dimlist=\toks16
)
(c:/Users/Dienlin/AppData/Roaming/TinyTeX/texmf-dist/tex/latex/graphics/graphic
x.sty
Package: graphicx 2019/11/30 v1.2a Enhanced LaTeX Graphics (DPC,SPQR)

(c:/Users/Dienlin/AppData/Roaming/TinyTeX/texmf-dist/tex/latex/graphics/graphic
s.sty
Package: graphics 2019/11/30 v1.4a Standard LaTeX Graphics (DPC,SPQR)

(c:/Users/Dienlin/AppData/Roaming/TinyTeX/texmf-dist/tex/latex/graphics/trig.st
y
Package: trig 2016/01/03 v1.10 sin cos tan (DPC)
)
(c:/Users/Dienlin/AppData/Roaming/TinyTeX/texmf-dist/tex/latex/graphics-cfg/gra
phics.cfg
File: graphics.cfg 2016/06/04 v1.11 sample graphics configuration
)
Package graphics Info: Driver file: pdftex.def on input line 105.

(c:/Users/Dienlin/AppData/Roaming/TinyTeX/texmf-dist/tex/latex/graphics-def/pdf
tex.def
File: pdftex.def 2018/01/08 v1.0l Graphics/color driver for pdftex
))
\Gin@req@height=\dimen143
\Gin@req@width=\dimen144
)
(c:/Users/Dienlin/AppData/Roaming/TinyTeX/texmf-dist/tex/latex/booktabs/booktab
s.sty
Package: booktabs 2020/01/12 v1.61803398 Publication quality tables
\heavyrulewidth=\dimen145
\lightrulewidth=\dimen146
\cmidrulewidth=\dimen147
\belowrulesep=\dimen148
\belowbottomsep=\dimen149
\aboverulesep=\dimen150
\abovetopsep=\dimen151
\cmidrulesep=\dimen152
\cmidrulekern=\dimen153
\defaultaddspace=\dimen154
\@cmidla=\count179
\@cmidlb=\count180
\@aboverulesep=\dimen155
\@belowrulesep=\dimen156
\@thisruleclass=\count181
\@lastruleclass=\count182
\@thisrulewidth=\dimen157
)
(c:/Users/Dienlin/AppData/Roaming/TinyTeX/texmf-dist/tex/latex/threeparttable/t
hreeparttable.sty
Package: threeparttable 2003/06/13  v 3.0
\@tempboxb=\box45
)
\b@level@one@skip=\skip49
\e@level@one@skip=\skip50
\b@level@two@skip=\skip51
\e@level@two@skip=\skip52
\b@level@three@skip=\skip53
\e@level@three@skip=\skip54
\b@level@four@skip=\skip55
\e@level@four@skip=\skip56
\b@level@five@skip=\skip57
\e@level@five@skip=\skip58

(c:/Users/Dienlin/AppData/Roaming/TinyTeX/texmf-dist/tex/latex/caption/caption.
sty
Package: caption 2020/01/03 v3.4h Customizing captions (AR)

(c:/Users/Dienlin/AppData/Roaming/TinyTeX/texmf-dist/tex/latex/caption/caption3
.sty
Package: caption3 2020/01/03 v1.8h caption3 kernel (AR)
Package caption3 Info: TeX engine: e-TeX on input line 61.
\captionmargin=\dimen158
\captionmargin@=\dimen159
\captionwidth=\dimen160
\caption@tempdima=\dimen161
\caption@indent=\dimen162
\caption@parindent=\dimen163
\caption@hangindent=\dimen164
Package caption Info: Standard document class detected.
)
\c@caption@flags=\count183
\c@continuedfloat=\count184
Package caption Info: threeparttable package is loaded.
)
\c@APAenum=\count185
\@text@par@indent=\skip59
\gr@box=\box46
\gr@boxwidth=\skip60
\gr@boxheight=\skip61
(c:/Users/Dienlin/AppData/Roaming/TinyTeX/texmf-dist/tex/latex/tools/bm.sty
Package: bm 2019/07/24 v1.2d Bold Symbol Support (DPC/FMi)
\symboldoperators=\mathgroup4
\symboldletters=\mathgroup5
\symboldsymbols=\mathgroup6
LaTeX Font Info:    Redeclaring math alphabet \mathbf on input line 141.
LaTeX Info: Redefining \bm on input line 209.
)
\c@appendix=\count186

(c:/Users/Dienlin/AppData/Roaming/TinyTeX/texmf-dist/tex/latex/fancyhdr/fancyhd
r.sty
Package: fancyhdr 2019/01/31 v3.10 Extensive control of page headers and footer
s
\f@nch@headwidth=\skip62
\f@nch@O@elh=\skip63
\f@nch@O@erh=\skip64
\f@nch@O@olh=\skip65
\f@nch@O@orh=\skip66
\f@nch@O@elf=\skip67
\f@nch@O@erf=\skip68
\f@nch@O@olf=\skip69
\f@nch@O@orf=\skip70
)
(c:/Users/Dienlin/AppData/Roaming/TinyTeX/texmf-dist/tex/latex/endfloat/endfloa
t.sty
Package: endfloat 2018/03/24 v2.6 LaTeX2e package puts figures and tables at en
d (jdm)
\c@posttable=\count187
\efloat@postttt=\write3
\@ef@tttopen=\count188
\c@postfigure=\count189
\efloat@postfff=\write4
\@ef@fffopen=\count190
) (c:/Users/Dienlin/AppData/Roaming/TinyTeX/texmf-dist/tex/latex/float/float.st
y
Package: float 2001/11/08 v1.3d Float enhancements (AL)
\c@float@type=\count191
\float@exts=\toks17
\float@box=\box47
\@float@everytoks=\toks18
\@floatcapt=\box48
))
(c:/Users/Dienlin/AppData/Roaming/TinyTeX/texmf-dist/tex/latex/amsfonts/amssymb
.sty
Package: amssymb 2013/01/14 v3.01 AMS font symbols

(c:/Users/Dienlin/AppData/Roaming/TinyTeX/texmf-dist/tex/latex/amsfonts/amsfont
s.sty
Package: amsfonts 2013/01/14 v3.01 Basic AMSFonts support
\@emptytoks=\toks19
\symAMSa=\mathgroup7
\symAMSb=\mathgroup8
LaTeX Font Info:    Redeclaring math symbol \hbar on input line 98.
LaTeX Font Info:    Overwriting math alphabet `\mathfrak' in version `bold'
(Font)                  U/euf/m/n --> U/euf/b/n on input line 106.
))
(c:/Users/Dienlin/AppData/Roaming/TinyTeX/texmf-dist/tex/latex/amsmath/amsmath.
sty
Package: amsmath 2020/01/20 v2.17e AMS math features
\@mathmargin=\skip71
For additional information on amsmath, use the `?' option.

(c:/Users/Dienlin/AppData/Roaming/TinyTeX/texmf-dist/tex/latex/amsmath/amstext.
sty
Package: amstext 2000/06/29 v2.01 AMS text

(c:/Users/Dienlin/AppData/Roaming/TinyTeX/texmf-dist/tex/latex/amsmath/amsgen.s
ty
File: amsgen.sty 1999/11/30 v2.0 generic functions
\@emptytoks=\toks20
\ex@=\dimen165
))
(c:/Users/Dienlin/AppData/Roaming/TinyTeX/texmf-dist/tex/latex/amsmath/amsbsy.s
ty
Package: amsbsy 1999/11/29 v1.2d Bold Symbols
LaTeX Info: Redefining \boldsymbol on input line 28.
\pmbraise@=\dimen166
)
(c:/Users/Dienlin/AppData/Roaming/TinyTeX/texmf-dist/tex/latex/amsmath/amsopn.s
ty
Package: amsopn 2016/03/08 v2.02 operator names
)
\inf@bad=\count192
LaTeX Info: Redefining \frac on input line 227.
\uproot@=\count193
\leftroot@=\count194
LaTeX Info: Redefining \overline on input line 389.
\classnum@=\count195
\DOTSCASE@=\count196
LaTeX Info: Redefining \ldots on input line 486.
LaTeX Info: Redefining \dots on input line 489.
LaTeX Info: Redefining \cdots on input line 610.
\Mathstrutbox@=\box49
\strutbox@=\box50
\big@size=\dimen167
LaTeX Font Info:    Redeclaring font encoding OML on input line 733.
LaTeX Font Info:    Redeclaring font encoding OMS on input line 734.
\macc@depth=\count197
\c@MaxMatrixCols=\count198
\dotsspace@=\muskip16
\c@parentequation=\count199
\dspbrk@lvl=\count266
\tag@help=\toks21
\row@=\count267
\column@=\count268
\maxfields@=\count269
\andhelp@=\toks22
\eqnshift@=\dimen168
\alignsep@=\dimen169
\tagshift@=\dimen170
\tagwidth@=\dimen171
\totwidth@=\dimen172
\lineht@=\dimen173
\@envbody=\toks23
\multlinegap=\skip72
\multlinetaggap=\skip73
\mathdisplay@stack=\toks24
LaTeX Info: Redefining \[ on input line 2859.
LaTeX Info: Redefining \] on input line 2860.
)
(c:/Users/Dienlin/AppData/Roaming/TinyTeX/texmf-dist/tex/generic/iftex/ifxetex.
sty
Package: ifxetex 2019/10/25 v0.7 ifxetex legacy package. Use iftex instead.
)
(c:/Users/Dienlin/AppData/Roaming/TinyTeX/texmf-dist/tex/generic/iftex/ifluatex
.sty
Package: ifluatex 2019/10/25 v1.5 ifluatex legacy package. Use iftex instead.
)
(c:/Users/Dienlin/AppData/Roaming/TinyTeX/texmf-dist/tex/latex/base/fontenc.sty
Package: fontenc 2020/02/11 v2.0o Standard LaTeX package
)
(c:/Users/Dienlin/AppData/Roaming/TinyTeX/texmf-dist/tex/latex/base/inputenc.st
y
Package: inputenc 2018/08/11 v1.3c Input encoding file
\inpenc@prehook=\toks25
\inpenc@posthook=\toks26
)
(c:/Users/Dienlin/AppData/Roaming/TinyTeX/texmf-dist/tex/latex/base/textcomp.st
y
Package: textcomp 2020/02/02 v2.0n Standard LaTeX package
)
(c:/Users/Dienlin/AppData/Roaming/TinyTeX/texmf-dist/tex/latex/upquote/upquote.
sty
Package: upquote 2012/04/19 v1.3 upright-quote and grave-accent glyphs in verba
tim
)
(c:/Users/Dienlin/AppData/Roaming/TinyTeX/texmf-dist/tex/latex/xcolor/xcolor.st
y
Package: xcolor 2016/05/11 v2.12 LaTeX color extensions (UK)

(c:/Users/Dienlin/AppData/Roaming/TinyTeX/texmf-dist/tex/latex/graphics-cfg/col
or.cfg
File: color.cfg 2016/01/02 v1.6 sample color configuration
)
Package xcolor Info: Driver file: pdftex.def on input line 225.
Package xcolor Info: Model `cmy' substituted by `cmy0' on input line 1348.
Package xcolor Info: Model `hsb' substituted by `rgb' on input line 1352.
Package xcolor Info: Model `RGB' extended on input line 1364.
Package xcolor Info: Model `HTML' substituted by `rgb' on input line 1366.
Package xcolor Info: Model `Hsb' substituted by `hsb' on input line 1367.
Package xcolor Info: Model `tHsb' substituted by `hsb' on input line 1368.
Package xcolor Info: Model `HSB' substituted by `hsb' on input line 1369.
Package xcolor Info: Model `Gray' substituted by `gray' on input line 1370.
Package xcolor Info: Model `wave' substituted by `hsb' on input line 1371.
)
(c:/Users/Dienlin/AppData/Roaming/TinyTeX/texmf-dist/tex/latex/oberdiek/bookmar
k.sty
Package: bookmark 2016/05/17 v1.26 PDF bookmarks (HO)

(c:/Users/Dienlin/AppData/Roaming/TinyTeX/texmf-dist/tex/generic/oberdiek/pdfes
cape.sty
Package: pdfescape 2016/05/16 v1.14 Implements pdfTeX's escape features (HO)

(c:/Users/Dienlin/AppData/Roaming/TinyTeX/texmf-dist/tex/generic/ltxcmds/ltxcmd
s.sty
Package: ltxcmds 2019/12/15 v1.24 LaTeX kernel commands for general use (HO)
)
(c:/Users/Dienlin/AppData/Roaming/TinyTeX/texmf-dist/tex/latex/pdftexcmds/pdfte
xcmds.sty
Package: pdftexcmds 2019/11/24 v0.31 Utility functions of pdfTeX for LuaTeX (HO
)

(c:/Users/Dienlin/AppData/Roaming/TinyTeX/texmf-dist/tex/generic/infwarerr/infw
arerr.sty
Package: infwarerr 2019/12/03 v1.5 Providing info/warning/error messages (HO)
)
Package pdftexcmds Info: \pdf@primitive is available.
Package pdftexcmds Info: \pdf@ifprimitive is available.
Package pdftexcmds Info: \pdfdraftmode found.
))
(c:/Users/Dienlin/AppData/Roaming/TinyTeX/texmf-dist/tex/generic/iftex/ifpdf.st
y
Package: ifpdf 2019/10/25 v3.4 ifpdf legacy package. Use iftex instead.
)
(c:/Users/Dienlin/AppData/Roaming/TinyTeX/texmf-dist/tex/latex/hyperref/hyperre
f.sty
Package: hyperref 2020/01/14 v7.00d Hypertext links for LaTeX

(c:/Users/Dienlin/AppData/Roaming/TinyTeX/texmf-dist/tex/generic/kvsetkeys/kvse
tkeys.sty
Package: kvsetkeys 2019/12/15 v1.18 Key value parser (HO)
)
(c:/Users/Dienlin/AppData/Roaming/TinyTeX/texmf-dist/tex/generic/kvdefinekeys/k
vdefinekeys.sty
Package: kvdefinekeys 2019-12-19 v1.6 Define keys (HO)
)
(c:/Users/Dienlin/AppData/Roaming/TinyTeX/texmf-dist/tex/latex/hycolor/hycolor.
sty
Package: hycolor 2020-01-27 v1.10 Color options for hyperref/bookmark (HO)
)
(c:/Users/Dienlin/AppData/Roaming/TinyTeX/texmf-dist/tex/latex/letltxmacro/letl
txmacro.sty
Package: letltxmacro 2019/12/03 v1.6 Let assignment for LaTeX macros (HO)
)
(c:/Users/Dienlin/AppData/Roaming/TinyTeX/texmf-dist/tex/latex/auxhook/auxhook.
sty
Package: auxhook 2019-12-17 v1.6 Hooks for auxiliary files (HO)
)
(c:/Users/Dienlin/AppData/Roaming/TinyTeX/texmf-dist/tex/latex/kvoptions/kvopti
ons.sty
Package: kvoptions 2019/11/29 v3.13 Key value format for package options (HO)
)
\@linkdim=\dimen174
\Hy@linkcounter=\count270
\Hy@pagecounter=\count271

(c:/Users/Dienlin/AppData/Roaming/TinyTeX/texmf-dist/tex/latex/hyperref/pd1enc.
def
File: pd1enc.def 2020/01/14 v7.00d Hyperref: PDFDocEncoding definition (HO)
Now handling font encoding PD1 ...
... no UTF-8 mapping file for font encoding PD1
)
(c:/Users/Dienlin/AppData/Roaming/TinyTeX/texmf-dist/tex/generic/intcalc/intcal
c.sty
Package: intcalc 2019/12/15 v1.3 Expandable calculations with integers (HO)
)
(c:/Users/Dienlin/AppData/Roaming/TinyTeX/texmf-dist/tex/generic/etexcmds/etexc
mds.sty
Package: etexcmds 2019/12/15 v1.7 Avoid name clashes with e-TeX commands (HO)
)
\Hy@SavedSpaceFactor=\count272
\pdfmajorversion=\count273

(c:/Users/Dienlin/AppData/Roaming/TinyTeX/texmf-dist/tex/latex/latexconfig/hype
rref.cfg
File: hyperref.cfg 2002/06/06 v1.2 hyperref configuration of TeXLive
)
Package hyperref Info: Option `unicode' set `true' on input line 4421.

(c:/Users/Dienlin/AppData/Roaming/TinyTeX/texmf-dist/tex/latex/hyperref/puenc.d
ef
File: puenc.def 2020/01/14 v7.00d Hyperref: PDF Unicode definition (HO)
Now handling font encoding PU ...
... no UTF-8 mapping file for font encoding PU
)
Package hyperref Info: Hyper figures OFF on input line 4547.
Package hyperref Info: Link nesting OFF on input line 4552.
Package hyperref Info: Hyper index ON on input line 4555.
Package hyperref Info: Plain pages OFF on input line 4562.
Package hyperref Info: Backreferencing OFF on input line 4567.
Package hyperref Info: Implicit mode ON; LaTeX internals redefined.
Package hyperref Info: Bookmarks ON on input line 4800.
\c@Hy@tempcnt=\count274
(c:/Users/Dienlin/AppData/Roaming/TinyTeX/texmf-dist/tex/latex/url/url.sty
\Urlmuskip=\muskip17
Package: url 2013/09/16  ver 3.4  Verb mode for urls, etc.
)
LaTeX Info: Redefining \url on input line 5159.
\XeTeXLinkMargin=\dimen175

(c:/Users/Dienlin/AppData/Roaming/TinyTeX/texmf-dist/tex/generic/bitset/bitset.
sty
Package: bitset 2019/12/09 v1.3 Handle bit-vector datatype (HO)

(c:/Users/Dienlin/AppData/Roaming/TinyTeX/texmf-dist/tex/generic/bigintcalc/big
intcalc.sty
Package: bigintcalc 2019/12/15 v1.5 Expandable calculations on big integers (HO
)
))
\Fld@menulength=\count275
\Field@Width=\dimen176
\Fld@charsize=\dimen177
Package hyperref Info: Hyper figures OFF on input line 6430.
Package hyperref Info: Link nesting OFF on input line 6435.
Package hyperref Info: Hyper index ON on input line 6438.
Package hyperref Info: backreferencing OFF on input line 6445.
Package hyperref Info: Link coloring OFF on input line 6450.
Package hyperref Info: Link coloring with OCG OFF on input line 6455.
Package hyperref Info: PDF/A mode OFF on input line 6460.
LaTeX Info: Redefining \ref on input line 6500.
LaTeX Info: Redefining \pageref on input line 6504.

(c:/Users/Dienlin/AppData/Roaming/TinyTeX/texmf-dist/tex/generic/atbegshi/atbeg
shi.sty
Package: atbegshi 2019/12/05 v1.19 At begin shipout hook (HO)
)
\Hy@abspage=\count276
\c@Item=\count277
\c@Hfootnote=\count278
)
Package hyperref Info: Driver (autodetected): hpdftex.

(c:/Users/Dienlin/AppData/Roaming/TinyTeX/texmf-dist/tex/latex/hyperref/hpdftex
.def
File: hpdftex.def 2020/01/14 v7.00d Hyperref driver for pdfTeX

(c:/Users/Dienlin/AppData/Roaming/TinyTeX/texmf-dist/tex/latex/atveryend/atvery
end.sty
Package: atveryend 2019-12-11 v1.11 Hooks at the very end of document (HO)
)
\Fld@listcount=\count279
\c@bookmark@seq@number=\count280

(c:/Users/Dienlin/AppData/Roaming/TinyTeX/texmf-dist/tex/latex/oberdiek/rerunfi
lecheck.sty
Package: rerunfilecheck 2016/05/16 v1.8 Rerun checks for auxiliary files (HO)

(c:/Users/Dienlin/AppData/Roaming/TinyTeX/texmf-dist/tex/generic/oberdiek/uniqu
ecounter.sty
Package: uniquecounter 2016/05/16 v1.3 Provide unlimited unique counter (HO)
)
Package uniquecounter Info: New unique counter `rerunfilecheck' on input line 2
82.
)
\Hy@SectionHShift=\skip74
)
(c:/Users/Dienlin/AppData/Roaming/TinyTeX/texmf-dist/tex/latex/oberdiek/bkm-pdf
tex.def
File: bkm-pdftex.def 2016/05/17 v1.26 bookmark driver for pdfTeX (HO)
\BKM@id=\count281
))
(c:/Users/Dienlin/AppData/Roaming/TinyTeX/texmf-dist/tex/latex/grffile/grffile.
sty
Package: grffile 2019/11/11 v2.1 Extended file name support for graphics (legac
y)
Package grffile Info: This package is an empty stub for compatibility on input 
line 40.
) (c:/Users/Dienlin/AppData/Roaming/TinyTeX/texmf-dist/tex/latex/was/upgreek.st
y
Package: upgreek 2003/02/12 v2.0 (WaS)
Package upgreek Info: Using Euler Roman for upright Greek on input line 31.
\symugrf@m=\mathgroup9
LaTeX Font Info:    Overwriting symbol font `ugrf@m' in version `bold'
(Font)                  U/eur/m/n --> U/eur/b/n on input line 38.
)
(c:/Users/Dienlin/AppData/Roaming/TinyTeX/texmf-dist/tex/latex/tools/longtable.
sty
Package: longtable 2020/01/07 v4.13 Multi-page Table package (DPC)
\LTleft=\skip75
\LTright=\skip76
\LTpre=\skip77
\LTpost=\skip78
\LTchunksize=\count282
\LTcapwidth=\dimen178
\LT@head=\box51
\LT@firsthead=\box52
\LT@foot=\box53
\LT@lastfoot=\box54
\LT@cols=\count283
\LT@rows=\count284
\c@LT@tables=\count285
\c@LT@chunks=\count286
\LT@p@ftn=\toks27
)
(c:/Users/Dienlin/AppData/Roaming/TinyTeX/texmf-dist/tex/latex/graphics/lscape.
sty
Package: lscape 2000/10/22 v3.01 Landscape Pages (DPC)
)
(c:/Users/Dienlin/AppData/Roaming/TinyTeX/texmf-dist/tex/latex/multirow/multiro
w.sty
Package: multirow 2019/01/01 v2.4 Span multiple rows of a table
\multirow@colwidth=\skip79
\multirow@cntb=\count287
\multirow@dima=\skip80
\bigstrutjot=\dimen179
)
(c:/Users/Dienlin/AppData/Roaming/TinyTeX/texmf-dist/tex/latex/tools/tabularx.s
ty
Package: tabularx 2020/01/15 v2.11c `tabularx' package (DPC)
(c:/Users/Dienlin/AppData/Roaming/TinyTeX/texmf-dist/tex/latex/tools/array.sty
Package: array 2019/08/31 v2.4l Tabular extension package (FMi)
\col@sep=\dimen180
\ar@mcellbox=\box55
\extrarowheight=\dimen181
\NC@list=\toks28
\extratabsurround=\skip81
\backup@length=\skip82
\ar@cellbox=\box56
)
\TX@col@width=\dimen182
\TX@old@table=\dimen183
\TX@old@col=\dimen184
\TX@target=\dimen185
\TX@delta=\dimen186
\TX@cols=\count288
\TX@ftn=\toks29
)
(c:/Users/Dienlin/AppData/Roaming/TinyTeX/texmf-dist/tex/latex/threeparttablex/
threeparttablex.sty
Package: threeparttablex 2013/07/23 v0.3 by daleif

(c:/Users/Dienlin/AppData/Roaming/TinyTeX/texmf-dist/tex/latex/environ/environ.
sty
Package: environ 2014/05/04 v0.3 A new way to define environments

(c:/Users/Dienlin/AppData/Roaming/TinyTeX/texmf-dist/tex/latex/trimspaces/trims
paces.sty
Package: trimspaces 2009/09/17 v1.1 Trim spaces around a token list
))
\TPTL@width=\skip83
)
\longtablewidth=\skip84

(c:/Users/Dienlin/AppData/Roaming/TinyTeX/texmf-dist/tex/latex/lineno/lineno.st
y
Package: lineno 2005/11/02 line numbers on paragraphs v4.41
\linenopenalty=\count289
\output=\toks30
\linenoprevgraf=\count290
\linenumbersep=\dimen187
\linenumberwidth=\dimen188
\c@linenumber=\count291
\c@pagewiselinenumber=\count292
\c@LN@truepage=\count293
\c@internallinenumber=\count294
\c@internallinenumbers=\count295
\quotelinenumbersep=\dimen189
\bframerule=\dimen190
\bframesep=\dimen191
\bframebox=\box57
LaTeX Info: Redefining \\ on input line 3056.
)
(c:/Users/Dienlin/AppData/Roaming/TinyTeX/texmf-dist/tex/latex/csquotes/csquote
s.sty
Package: csquotes 2018/04/13 v5.2d context-sensitive quotations (JAW)
\csq@reset=\count296
\csq@gtype=\count297
\csq@glevel=\count298
\csq@qlevel=\count299
\csq@maxlvl=\count300
\csq@tshold=\count301
\csq@ltx@everypar=\toks31

(c:/Users/Dienlin/AppData/Roaming/TinyTeX/texmf-dist/tex/latex/csquotes/csquote
s.def
File: csquotes.def 2018/04/13 v5.2d csquotes generic definitions (JAW)
)
Package csquotes Info: Trying to load configuration file 'csquotes.cfg'...
Package csquotes Info: ... configuration file loaded successfully.

(c:/Users/Dienlin/AppData/Roaming/TinyTeX/texmf-dist/tex/latex/csquotes/csquote
s.cfg
File: csquotes.cfg 
))
(c:/Users/Dienlin/AppData/Roaming/TinyTeX/texmf-dist/tex/generic/babel/babel.st
y
Package: babel 2020/02/28 3.41 The Babel package

(c:/Users/Dienlin/AppData/Roaming/TinyTeX/texmf-dist/tex/generic/babel/switch.d
ef
File: switch.def 2020/02/28 3.41 Babel switching mechanism
)
(c:/Users/Dienlin/AppData/Roaming/TinyTeX/texmf-dist/tex/generic/babel-english/
english.ldf
Language: english 2017/06/06 v3.3r English support from the babel system

(c:/Users/Dienlin/AppData/Roaming/TinyTeX/texmf-dist/tex/generic/babel/babel.de
f
File: babel.def 2020/02/28 3.41 Babel common definitions
\babel@savecnt=\count302
\U@D=\dimen192

(c:/Users/Dienlin/AppData/Roaming/TinyTeX/texmf-dist/tex/generic/babel/txtbabel
.def)
\bbl@readstream=\read2
\bbl@dirlevel=\count303
)
Package babel Info: \l@british = using hyphenrules for english
(babel)             (\language0) on input line 82.
Package babel Info: \l@UKenglish = using hyphenrules for english
(babel)             (\language0) on input line 83.
Package babel Info: \l@canadian = using hyphenrules for english
(babel)             (\language0) on input line 102.
Package babel Info: \l@australian = using hyphenrules for english
(babel)             (\language0) on input line 105.
Package babel Info: \l@newzealand = using hyphenrules for english
(babel)             (\language0) on input line 108.
)
(c:/Users/Dienlin/AppData/Roaming/TinyTeX/texmf-dist/tex/generic/babel-english/
english.ldf
Language: english 2017/06/06 v3.3r English support from the babel system
))
Package csquotes Info: Checking for multilingual support...
Package csquotes Info: ... found 'babel' package.
Package csquotes Info: Adjusting default style.
Package csquotes Info: Redefining alias 'default' -> 'english'.

(c:/Users/Dienlin/AppData/Roaming/TinyTeX/texmf-dist/tex/latex/l3backend/l3back
end-pdfmode.def
File: l3backend-pdfmode.def 2020-02-23 L3 backend support: PDF mode
\l__kernel_color_stack_int=\count304
\l__pdf_internal_box=\box58
) (./manuscript.aux)
\openout1 = `manuscript.aux'.

LaTeX Font Info:    Checking defaults for OML/cmm/m/it on input line 148.
LaTeX Font Info:    ... okay on input line 148.
LaTeX Font Info:    Checking defaults for OMS/cmsy/m/n on input line 148.
LaTeX Font Info:    ... okay on input line 148.
LaTeX Font Info:    Checking defaults for OT1/cmr/m/n on input line 148.
LaTeX Font Info:    ... okay on input line 148.
LaTeX Font Info:    Checking defaults for T1/cmr/m/n on input line 148.
LaTeX Font Info:    ... okay on input line 148.
LaTeX Font Info:    Checking defaults for TS1/cmr/m/n on input line 148.
LaTeX Font Info:    ... okay on input line 148.
LaTeX Font Info:    Checking defaults for OMX/cmex/m/n on input line 148.
LaTeX Font Info:    ... okay on input line 148.
LaTeX Font Info:    Checking defaults for U/cmr/m/n on input line 148.
LaTeX Font Info:    ... okay on input line 148.
LaTeX Font Info:    Checking defaults for PD1/pdf/m/n on input line 148.
LaTeX Font Info:    ... okay on input line 148.
LaTeX Font Info:    Checking defaults for PU/pdf/m/n on input line 148.
LaTeX Font Info:    ... okay on input line 148.
*geometry* driver: auto-detecting
*geometry* detected driver: pdftex
*geometry* verbose mode - [ preamble ] result:
* driver: pdftex
* paper: <default>
* layout: <same size as paper>
* layoutoffset:(h,v)=(0.0pt,0.0pt)
* modes: twoside 
* h-part:(L,W,R)=(72.26999pt, 469.75502pt, 72.26999pt)
* v-part:(T,H,B)=(72.26999pt, 650.43001pt, 72.26999pt)
* \paperwidth=614.295pt
* \paperheight=794.96999pt
* \textwidth=469.75502pt
* \textheight=650.43001pt
* \oddsidemargin=0.0pt
* \evensidemargin=0.0pt
* \topmargin=-37.0pt
* \headheight=15.2pt
* \headsep=25.0pt
* \topskip=12.0pt
* \footskip=30.0pt
* \marginparwidth=95.0pt
* \marginparsep=10.0pt
* \columnsep=10.0pt
* \skip\footins=10.8pt plus 4.0pt minus 2.0pt
* \hoffset=0.0pt
* \voffset=0.0pt
* \mag=1000
* \@twocolumnfalse
* \@twosidetrue
* \@mparswitchtrue
* \@reversemarginfalse
* (1in=72.27pt=25.4mm, 1cm=28.453pt)


(c:/Users/Dienlin/AppData/Roaming/TinyTeX/texmf-dist/tex/latex/oberdiek/epstopd
f-base.sty
Package: epstopdf-base 2016/05/15 v2.6 Base part for package epstopdf

(c:/Users/Dienlin/AppData/Roaming/TinyTeX/texmf-dist/tex/latex/grfext/grfext.st
y
Package: grfext 2019/12/03 v1.3 Manage graphics extensions (HO)
)
Package epstopdf-base Info: Redefining graphics rule for `.eps' on input line 4
38.
Package grfext Info: Graphics extension search list:
(grfext)             [.pdf,.png,.jpg,.mps,.jpeg,.jbig2,.jb2,.PDF,.PNG,.JPG,.JPE
G,.JBIG2,.JB2,.eps]
(grfext)             \AppendGraphicsExtensions on input line 456.

(c:/Users/Dienlin/AppData/Roaming/TinyTeX/texmf-dist/tex/latex/latexconfig/epst
opdf-sys.cfg
File: epstopdf-sys.cfg 2010/07/13 v1.3 Configuration of (r)epstopdf for TeX Liv
e
))
(c:/Users/Dienlin/AppData/Roaming/TinyTeX/texmf-dist/tex/latex/apa6/config/APAa
merican.txt
File: APAamerican.txt 2012/02/23 v1.25 apa6 configuration for American English
)
Package caption Info: Begin \AtBeginDocument code.
Package caption Info: float package is loaded.
Package caption Info: hyperref package is loaded.
Package caption Info: longtable package is loaded.

(c:/Users/Dienlin/AppData/Roaming/TinyTeX/texmf-dist/tex/latex/caption/ltcaptio
n.sty
Package: ltcaption 2018/08/26 v1.4a longtable captions (AR)
)
Package caption Info: End \AtBeginDocument code.
\AtBeginShipoutBox=\box59
Package hyperref Info: Link coloring OFF on input line 148.

(c:/Users/Dienlin/AppData/Roaming/TinyTeX/texmf-dist/tex/latex/hyperref/nameref
.sty
Package: nameref 2019/09/16 v2.46 Cross-referencing by name of section

(c:/Users/Dienlin/AppData/Roaming/TinyTeX/texmf-dist/tex/latex/oberdiek/refcoun
t.sty
Package: refcount 2016/05/16 v3.5 Data extraction from label references (HO)
)
(c:/Users/Dienlin/AppData/Roaming/TinyTeX/texmf-dist/tex/generic/gettitlestring
/gettitlestring.sty
Package: gettitlestring 2019/12/15 v1.6 Cleanup title references (HO)
)
\c@section@level=\count305
)
LaTeX Info: Redefining \ref on input line 148.
LaTeX Info: Redefining \pageref on input line 148.
LaTeX Info: Redefining \nameref on input line 148.
LaTeX Font Info:    Trying to load font information for T1+lmss on input line 1
50.
(c:/Users/Dienlin/AppData/Roaming/TinyTeX/texmf-dist/tex/latex/lm/t1lmss.fd
File: t1lmss.fd 2009/10/30 v1.6 Font defs for Latin Modern
)
LaTeX Font Info:    Trying to load font information for OT1+lmr on input line 1
50.
(c:/Users/Dienlin/AppData/Roaming/TinyTeX/texmf-dist/tex/latex/lm/ot1lmr.fd
File: ot1lmr.fd 2009/10/30 v1.6 Font defs for Latin Modern
)
LaTeX Font Info:    Trying to load font information for OML+lmm on input line 1
50.
(c:/Users/Dienlin/AppData/Roaming/TinyTeX/texmf-dist/tex/latex/lm/omllmm.fd
File: omllmm.fd 2009/10/30 v1.6 Font defs for Latin Modern
)
LaTeX Font Info:    Trying to load font information for OMS+lmsy on input line 
150.
(c:/Users/Dienlin/AppData/Roaming/TinyTeX/texmf-dist/tex/latex/lm/omslmsy.fd
File: omslmsy.fd 2009/10/30 v1.6 Font defs for Latin Modern
)
LaTeX Font Info:    Trying to load font information for OMX+lmex on input line 
150.
(c:/Users/Dienlin/AppData/Roaming/TinyTeX/texmf-dist/tex/latex/lm/omxlmex.fd
File: omxlmex.fd 2009/10/30 v1.6 Font defs for Latin Modern
)
LaTeX Font Info:    External font `lmex10' loaded for size
(Font)              <12> on input line 150.
LaTeX Font Info:    External font `lmex10' loaded for size
(Font)              <8> on input line 150.
LaTeX Font Info:    External font `lmex10' loaded for size
(Font)              <6> on input line 150.
LaTeX Font Info:    Trying to load font information for U+msa on input line 150
.

(c:/Users/Dienlin/AppData/Roaming/TinyTeX/texmf-dist/tex/latex/amsfonts/umsa.fd
File: umsa.fd 2013/01/14 v3.01 AMS symbols A
)
LaTeX Font Info:    Trying to load font information for U+msb on input line 150
.

(c:/Users/Dienlin/AppData/Roaming/TinyTeX/texmf-dist/tex/latex/amsfonts/umsb.fd
File: umsb.fd 2013/01/14 v3.01 AMS symbols B
) [1{c:/Users/Dienlin/AppData/Roaming/TinyTeX/texmf-var/fonts/map/pdftex/updmap
/pdftex.map}

] [2] [3] [4] [5] [6] [7] [8] [9]

pdfTeX warning: pdflatex.exe (file ../figures/design/model.pdf): PDF inclusion:
 found PDF version <1.7>, but at most version <1.5> allowed
<../figures/design/model.pdf, id=54, 722.7pt x 542.025pt>
File: ../figures/design/model.pdf Graphic file (type pdf)
<use ../figures/design/model.pdf>
Package pdftex.def Info: ../figures/design/model.pdf  used on input line 277.
(pdftex.def)             Requested size: 375.80615pt x 281.85461pt.
[10]
LaTeX Font Info:    External font `lmex10' loaded for size
(Font)              <10> on input line 307.
LaTeX Font Info:    External font `lmex10' loaded for size
(Font)              <7> on input line 307.
LaTeX Font Info:    External font `lmex10' loaded for size
(Font)              <5> on input line 307.
[11 <../figures/design/model.pdf>]
<../figures/website/website_translated.jpg, id=83, 872.50969pt x 767.86874pt>
File: ../figures/website/website_translated.jpg Graphic file (type jpg)
<use ../figures/website/website_translated.jpg>
Package pdftex.def Info: ../figures/website/website_translated.jpg  used on inp
ut line 322.
(pdftex.def)             Requested size: 422.76729pt x 372.06439pt.
<../figures/website/comments_translated.png, id=84, 896.59969pt x 780.66656pt>
File: ../figures/website/comments_translated.png Graphic file (type png)
<use ../figures/website/comments_translated.png>
Package pdftex.def Info: ../figures/website/comments_translated.png  used on in
put line 331.
(pdftex.def)             Requested size: 422.77002pt x 368.10454pt.
[12] [13 <../figures/website/website_translated.jpg>] [14 <../figures/website/c
omments_translated.png>]
Overfull \hbox (9.06377pt too wide) in paragraph at lines 382--409
 [] 
 []

<manuscript_files/figure-latex/corrplot-1.pdf, id=108, 578.16pt x 578.16pt>
File: manuscript_files/figure-latex/corrplot-1.pdf Graphic file (type pdf)
<use manuscript_files/figure-latex/corrplot-1.pdf>
Package pdftex.def Info: manuscript_files/figure-latex/corrplot-1.pdf  used on 
input line 415.
(pdftex.def)             Requested size: 422.77669pt x 422.77669pt.

LaTeX Warning: `!h' float specifier changed to `!ht'.

[15] [16] [17 <./manuscript_files/figure-latex/corrplot-1.pdf>] [18] [19] [20]
<manuscript_files/figure-latex/plotpc-1.pdf, id=177, 469.755pt x 289.08pt>
File: manuscript_files/figure-latex/plotpc-1.pdf Graphic file (type pdf)
<use manuscript_files/figure-latex/plotpc-1.pdf>
Package pdftex.def Info: manuscript_files/figure-latex/plotpc-1.pdf  used on in
put line 542.
(pdftex.def)             Requested size: 469.75386pt x 289.07928pt.

LaTeX Warning: `!h' float specifier changed to `!ht'.

[21]
<manuscript_files/figure-latex/popularitycues-1.pdf, id=189, 469.755pt x 325.21
5pt>
File: manuscript_files/figure-latex/popularitycues-1.pdf Graphic file (type pdf
)
<use manuscript_files/figure-latex/popularitycues-1.pdf>
Package pdftex.def Info: manuscript_files/figure-latex/popularitycues-1.pdf  us
ed on input line 564.
(pdftex.def)             Requested size: 469.75386pt x 325.2142pt.

LaTeX Warning: `!h' float specifier changed to `!ht'.

[22 <./manuscript_files/figure-latex/plotpc-1.pdf>] [23 <./manuscript_files/fig
ure-latex/popularitycues-1.pdf>] [24] [25] [26] [27] [28] [29] [30] [31] [32] [
33] [34] AED endfloat: Processing end Figures and Tables [35]
Package atveryend Info: Empty hook `BeforeClearDocument' on input line 860.
Package atveryend Info: Empty hook `AfterLastShipout' on input line 860.
(./manuscript.aux)
Package atveryend Info: Executing hook `AtVeryEndDocument' on input line 860.
Package atveryend Info: Empty hook `AtEndAfterFileList' on input line 860.
 ) 
Here is how much of TeX's memory you used:
 15065 strings out of 482913
 224586 string characters out of 5957490
 498642 words of memory out of 5000000
 29858 multiletter control sequences out of 15000+600000
 605208 words of font info for 88 fonts, out of 8000000 for 9000
 14 hyphenation exceptions out of 8191
 49i,11n,51p,2249b,553s stack positions out of 5000i,500n,10000p,200000b,80000s
{c:/Users/Dienlin/AppData/Roaming/TinyTeX/texmf-dist/fonts/enc/dvips/lm/lm-rm
.enc}{c:/Users/Dienlin/AppData/Roaming/TinyTeX/texmf-dist/fonts/enc/dvips/lm/lm
-mathit.enc}{c:/Users/Dienlin/AppData/Roaming/TinyTeX/texmf-dist/fonts/enc/dvip
s/lm/lm-ec.enc}<c:/Users/Dienlin/AppData/Roaming/TinyTeX/texmf-dist/fonts/type1
/public/lm/lmbx12.pfb><c:/Users/Dienlin/AppData/Roaming/TinyTeX/texmf-dist/font
s/type1/public/lm/lmmi12.pfb><c:/Users/Dienlin/AppData/Roaming/TinyTeX/texmf-di
st/fonts/type1/public/lm/lmr10.pfb><c:/Users/Dienlin/AppData/Roaming/TinyTeX/te
xmf-dist/fonts/type1/public/lm/lmr12.pfb><c:/Users/Dienlin/AppData/Roaming/Tiny
TeX/texmf-dist/fonts/type1/public/lm/lmr7.pfb><c:/Users/Dienlin/AppData/Roaming
/TinyTeX/texmf-dist/fonts/type1/public/lm/lmr8.pfb><c:/Users/Dienlin/AppData/Ro
aming/TinyTeX/texmf-dist/fonts/type1/public/lm/lmri12.pfb><c:/Users/Dienlin/App
Data/Roaming/TinyTeX/texmf-dist/fonts/type1/public/lm/lmss8.pfb>
Output written on manuscript.pdf (35 pages, 1480089 bytes).
PDF statistics:
 530 PDF objects out of 1000 (max. 8388607)
 471 compressed objects within 5 object streams
 164 named destinations out of 1000 (max. 500000)
 247 words of extra memory for PDF output out of 10000 (max. 10000000)

